<?xml version="1.0" encoding="UTF-8"?>
<testng-results ignored="0" total="1" passed="1" failed="0" skipped="0">
  <reporter-output>
  </reporter-output>
  <suite started-at="2024-03-07T13:24:42 IST" name="Default suite" finished-at="2024-03-07T13:24:59 IST" duration-ms="16815">
    <groups>
    </groups>
    <test started-at="2024-03-07T13:24:42 IST" name="Default test" finished-at="2024-03-07T13:24:59 IST" duration-ms="16815">
      <class name="TestRunner.Scripts_timesofIndia">
        <test-method is-config="true" signature="beforeSuite()[pri:0, instance:TestRunner.Scripts_timesofIndia@313b2ea6]" started-at="2024-03-07T13:24:42 IST" name="beforeSuite" finished-at="2024-03-07T13:24:42 IST" duration-ms="179" status="PASS">
          <reporter-output>
          </reporter-output>
        </test-method> <!-- beforeSuite -->
        <test-method is-config="true" signature="beforeTest(org.testng.ITestContext)[pri:0, instance:TestRunner.Scripts_timesofIndia@313b2ea6]" started-at="2024-03-07T13:24:42 IST" name="beforeTest" finished-at="2024-03-07T13:24:42 IST" duration-ms="4" status="PASS">
          <params>
            <param index="0">
              <value>
                <![CDATA[org.testng.TestRunner@176f7f3b]]>
              </value>
            </param>
          </params>
          <reporter-output>
          </reporter-output>
        </test-method> <!-- beforeTest -->
        <test-method is-config="true" signature="beforeClass(org.testng.ITestContext)[pri:0, instance:TestRunner.Scripts_timesofIndia@313b2ea6]" started-at="2024-03-07T13:24:42 IST" name="beforeClass" finished-at="2024-03-07T13:24:42 IST" duration-ms="1" status="PASS">
          <params>
            <param index="0">
              <value>
                <![CDATA[org.testng.TestRunner@176f7f3b]]>
              </value>
            </param>
          </params>
          <reporter-output>
          </reporter-output>
        </test-method> <!-- beforeClass -->
        <test-method is-config="true" signature="beforeMethod(org.testng.ITestResult)[pri:0, instance:TestRunner.Scripts_timesofIndia@313b2ea6]" started-at="2024-03-07T13:24:42 IST" name="beforeMethod" finished-at="2024-03-07T13:24:42 IST" duration-ms="6" status="PASS">
          <params>
            <param index="0">
              <value>
                <![CDATA[[TestResult name={null} status=CREATED method=Scripts_timesofIndia.timesOFIndia()[pri:0, instance:TestRunner.Scripts_timesofIndia@313b2ea6] output={null}]]]>
              </value>
            </param>
          </params>
          <reporter-output>
          </reporter-output>
        </test-method> <!-- beforeMethod -->
        <test-method signature="timesOFIndia()[pri:0, instance:TestRunner.Scripts_timesofIndia@313b2ea6]" started-at="2024-03-07T13:24:42 IST" name="timesOFIndia" finished-at="2024-03-07T13:24:57 IST" duration-ms="14992" status="PASS">
          <reporter-output>
          </reporter-output>
        </test-method> <!-- timesOFIndia -->
        <test-method is-config="true" signature="afterMethod(org.testng.ITestResult)[pri:0, instance:TestRunner.Scripts_timesofIndia@313b2ea6]" started-at="2024-03-07T13:24:57 IST" name="afterMethod" finished-at="2024-03-07T13:24:58 IST" duration-ms="570" status="PASS">
          <params>
            <param index="0">
              <value>
                <![CDATA[[TestResult name=timesOFIndia status=SUCCESS method=Scripts_timesofIndia.timesOFIndia()[pri:0, instance:TestRunner.Scripts_timesofIndia@313b2ea6] output={null}]]]>
              </value>
            </param>
          </params>
          <reporter-output>
          </reporter-output>
        </test-method> <!-- afterMethod -->
        <test-method is-config="true" signature="afterClass()[pri:0, instance:TestRunner.Scripts_timesofIndia@313b2ea6]" started-at="2024-03-07T13:24:58 IST" name="afterClass" finished-at="2024-03-07T13:24:58 IST" duration-ms="1" status="PASS">
          <reporter-output>
          </reporter-output>
        </test-method> <!-- afterClass -->
        <test-method is-config="true" signature="afterTest()[pri:0, instance:TestRunner.Scripts_timesofIndia@313b2ea6]" started-at="2024-03-07T13:24:58 IST" name="afterTest" finished-at="2024-03-07T13:24:59 IST" duration-ms="1200" status="PASS">
          <reporter-output>
          </reporter-output>
        </test-method> <!-- afterTest -->
        <test-method is-config="true" signature="afterSuite()[pri:0, instance:TestRunner.Scripts_timesofIndia@313b2ea6]" started-at="2024-03-07T13:24:59 IST" name="afterSuite" finished-at="2024-03-07T13:24:59 IST" duration-ms="0" status="PASS">
          <reporter-output>
          </reporter-output>
        </test-method> <!-- afterSuite -->
      </class> <!-- TestRunner.Scripts_timesofIndia -->
    </test> <!-- Default test -->
  </suite> <!-- Default suite -->
</testng-results>
